<?xml version="1.0" encoding="UTF-8"?>
<testsuite xmlns:xsi="http://www.w3.org/2001/XMLSchema-instance" xsi:noNamespaceSchemaLocation="https://maven.apache.org/surefire/maven-surefire-plugin/xsd/surefire-test-report-3.0.xsd" version="3.0" name="com.omnicharge.notification.NotificationServiceTest" time="0.014" tests="5" errors="0" skipped="0" failures="0">
  <properties>
[...]
</properties>
  <testcase name="sendRechargeConfirmation_StatusFailed_ExecutesWithoutError" classname="com.omnicharge.notification.NotificationServiceTest" time="0.002">
    <system-out><![CDATA[10:14:48.544 [main] INFO com.omnicharge.notification.service.NotificationService -- SMS -> [9876543210]: Dear Customer, your recharge of Rs.100.00 for 9876543210 has FAILED. Recharge ID: RCH456. Please try again. - OmniCharge
]]></system-out>
  </testcase>
  <testcase name="sendRechargeConfirmation_StatusNull_DoesNothing" classname="com.omnicharge.notification.NotificationServiceTest" time="0.001"/>
  <testcase name="sendRechargeConfirmation_MissingFieldsOnSuccess_HandlesGracefully" classname="com.omnicharge.notification.NotificationServiceTest" time="0.003">
    <system-out><![CDATA[10:14:48.549 [main] INFO com.omnicharge.notification.service.NotificationService -- SMS -> [null]: Dear Customer, Rs.nu recharge for null (null - null, null days validity) is successful. Txn ID: null. - OmniCharge
10:14:48.549 [main] INFO com.omnicharge.notification.service.NotificationService -- EMAIL to user null | Subject: Recharge Successful - OmniCharge | Body preview: Dear Customer,

Your mobile recharge was successful!

Details:
- Mobile Number :
]]></system-out>
  </testcase>
  <testcase name="sendRechargeConfirmation_StatusSuccess_ExecutesWithoutError" classname="com.omnicharge.notification.NotificationServiceTest" time="0.003">
    <system-out><![CDATA[10:14:48.553 [main] INFO com.omnicharge.notification.service.NotificationService -- SMS -> [9876543210]: Dear Customer, Rs.299.00 recharge for 9876543210 (Airtel - Unlimited, 28 days validity) is successful. Txn ID: TXN123. - OmniCharge
10:14:48.553 [main] INFO com.omnicharge.notification.service.NotificationService -- EMAIL to user RCH123 | Subject: Recharge Successful - OmniCharge | Body preview: Dear Customer,

Your mobile recharge was successful!

Details:
- Mobile Number :
]]></system-out>
  </testcase>
  <testcase name="sendRechargeConfirmation_StatusPending_DoesNothing" classname="com.omnicharge.notification.NotificationServiceTest" time="0.003"/>
</testsuite>